[2026-04-23 19:02:42] cURL Failed for station 295: Failed to connect to rt.data.gov.hk port 443 after 4999 ms: Connection timed out
[2026-04-23 19:02:42] cURL Failed for station 295: Failed to connect to rt.data.gov.hk port 443 after 4999 ms: Connection timed out
[2026-04-23 19:02:42] cURL Failed for station 295: Resolving timed out after 5000 milliseconds
[2026-04-23 19:02:42] cURL Failed for station 295: Connection timed out after 5006 milliseconds
[2026-04-23 19:02:42] cURL Failed for station 295: Connection timed out after 5000 milliseconds
[2026-04-23 19:02:42] cURL Failed for station 295: Connection timed out after 5017 milliseconds
[2026-04-23 19:02:42] cURL Failed for station 295: Connection timed out after 5000 milliseconds
[2026-04-23 19:02:42] cURL Failed for station 295: Failed to connect to rt.data.gov.hk port 443 after 4999 ms: Connection timed out
[2026-04-23 19:02:42] cURL Failed for station 295: Resolving timed out after 5000 milliseconds
[2026-04-23 19:02:47] cURL Failed for station 295: Resolving timed out after 5000 milliseconds
[2026-04-23 19:02:47] cURL Failed for station 295: Resolving timed out after 5000 milliseconds
[2026-04-23 19:02:47] cURL Failed for station 295: Resolving timed out after 5000 milliseconds
[2026-04-23 19:20:05] cURL Failed for station 295: Connection timed out after 4999 milliseconds
[2026-04-23 19:20:05] cURL Failed for station 295: Failed to connect to rt.data.gov.hk port 443 after 4998 ms: Connection timed out
[2026-04-23 19:20:05] cURL Failed for station 295: Connection time-out
[2026-04-23 19:20:05] cURL Failed for station 295: Resolving timed out after 5000 milliseconds
[2026-04-23 19:20:05] cURL Failed for station 295: Failed to connect to rt.data.gov.hk port 443 after 4999 ms: Connection timed out
[2026-04-23 19:20:05] cURL Failed for station 295: Resolving timed out after 5000 milliseconds
[2026-04-23 19:20:05] cURL Failed for station 295: Connection timed out after 5000 milliseconds
[2026-04-23 19:20:05] cURL Failed for station 295: Resolving timed out after 5000 milliseconds
[2026-04-23 19:20:05] cURL Failed for station 295: Connection timed out after 5000 milliseconds
[2026-04-23 19:20:05] cURL Failed for station 295: Failed to connect to rt.data.gov.hk port 443 after 4999 ms: Connection timed out
[2026-04-23 19:20:05] cURL Failed for station 295: Connection timed out after 4999 milliseconds
[2026-04-23 19:20:05] cURL Failed for station 295: Resolving timed out after 5000 milliseconds
[2026-04-23 19:20:05] cURL Failed for station 295: Failed to connect to rt.data.gov.hk port 443 after 4999 ms: Connection timed out
[2026-04-23 19:20:05] cURL Failed for station 295: Connection timed out after 5000 milliseconds
[2026-04-23 19:20:05] cURL Failed for station 295: Operation timed out after 5000 milliseconds with 0 bytes received
[2026-04-23 19:20:05] cURL Failed for station 295: SSL connection timeout
[2026-04-23 19:58:50] cURL Failed for station 295: Resolving timed out after 5000 milliseconds
[2026-04-23 19:58:50] cURL Failed for station 295: Failed to connect to rt.data.gov.hk port 443 after 4999 ms: Connection timed out
[2026-04-23 19:58:50] cURL Failed for station 295: Failed to connect to rt.data.gov.hk port 443 after 4999 ms: Connection timed out
[2026-04-23 20:42:53] cURL Failed for station 295: Failed to connect to rt.data.gov.hk port 443 after 4999 ms: Connection timed out
[2026-04-23 20:42:53] cURL Failed for station 295: Resolving timed out after 5000 milliseconds
[2026-04-23 20:42:53] cURL Failed for station 295: Resolving timed out after 5000 milliseconds
[2026-04-23 20:50:57] cURL Failed for station 295: Resolving timed out after 5000 milliseconds
[2026-04-23 21:11:51] cURL Failed for station 220: Resolving timed out after 5000 milliseconds
[2026-04-23 21:11:51] cURL Failed for station 295: Resolving timed out after 5000 milliseconds
[2026-04-23 21:11:51] cURL Failed for station 295: Resolving timed out after 5000 milliseconds
[2026-04-23 21:11:51] cURL Failed for station 295: Resolving timed out after 5000 milliseconds
[2026-04-23 21:11:52] cURL Failed for station 295: SSL connection timeout
[2026-04-23 21:11:52] cURL Failed for station 295: SSL connection timeout
[2026-04-23 21:11:52] cURL Failed for station 295: SSL connection timeout
[2026-04-23 21:11:52] cURL Failed for station 295: SSL connection timeout
[2026-04-23 21:11:52] cURL Failed for station 295: SSL connection timeout
[2026-04-23 21:11:52] cURL Failed for station 295: SSL connection timeout
[2026-04-23 21:11:52] cURL Failed for station 295: Operation timed out after 5002 milliseconds with 0 bytes received
[2026-04-23 21:11:52] cURL Failed for station 220: Operation timed out after 5000 milliseconds with 0 bytes received
[2026-04-23 21:11:52] cURL Failed for station 295: Operation timed out after 5004 milliseconds with 0 bytes received
[2026-04-23 21:11:52] cURL Failed for station 295: SSL connection timeout
